<?xml version="1.0" encoding="UTF-8"?>
<!-- Generated by org.testng.reporters.JUnitXMLReporter -->
<testsuite hostname="LAPTOP-F189313A" name="Cucumber Tests" tests="3" failures="0" timestamp="1 Mar 2021 00:34:48 GMT" time="71.985" errors="0">
  <testcase name="feature" time="39.915" classname="runners.MainRunner"/>
  <testcase name="feature" time="14.281" classname="runners.MainRunner"/>
  <testcase name="feature" time="14.664" classname="runners.MainRunner"/>
</testsuite> <!-- Cucumber Tests -->
