<?xml version="1.0" encoding="UTF-8"?>
<testsuite xmlns:xsi="http://www.w3.org/2001/XMLSchema-instance" xsi:noNamespaceSchemaLocation="https://maven.apache.org/surefire/maven-surefire-plugin/xsd/surefire-test-report-3.0.xsd" version="3.0" name="TestSuite" time="75.141" tests="3" errors="0" skipped="0" failures="0">
  <properties>
    <property name="sun.desktop" value="windows"/>
    <property name="awt.toolkit" value="sun.awt.windows.WToolkit"/>
    <property name="file.encoding.pkg" value="sun.io"/>
    <property name="java.specification.version" value="1.8"/>
    <property name="webdriver.chrome.driver" value="C:\drivers\chromedriver.exe"/>
    <property name="sun.cpu.isalist" value="amd64"/>
    <property name="sun.jnu.encoding" value="Cp1252"/>
    <property name="java.class.path" value="C:\Users\House\IdeaProjects\com.framework\target\test-classes;C:\Users\House\IdeaProjects\com.framework\target\classes;C:\Users\House\.m2\repository\org\seleniumhq\selenium\selenium-java\3.11.0\selenium-java-3.11.0.jar;C:\Users\House\.m2\repository\org\seleniumhq\selenium\selenium-api\3.11.0\selenium-api-3.11.0.jar;C:\Users\House\.m2\repository\org\seleniumhq\selenium\selenium-chrome-driver\3.11.0\selenium-chrome-driver-3.11.0.jar;C:\Users\House\.m2\repository\org\seleniumhq\selenium\selenium-edge-driver\3.11.0\selenium-edge-driver-3.11.0.jar;C:\Users\House\.m2\repository\org\seleniumhq\selenium\selenium-firefox-driver\3.11.0\selenium-firefox-driver-3.11.0.jar;C:\Users\House\.m2\repository\org\seleniumhq\selenium\selenium-ie-driver\3.11.0\selenium-ie-driver-3.11.0.jar;C:\Users\House\.m2\repository\org\seleniumhq\selenium\selenium-opera-driver\3.11.0\selenium-opera-driver-3.11.0.jar;C:\Users\House\.m2\repository\org\seleniumhq\selenium\selenium-remote-driver\3.11.0\selenium-remote-driver-3.11.0.jar;C:\Users\House\.m2\repository\org\seleniumhq\selenium\selenium-safari-driver\3.11.0\selenium-safari-driver-3.11.0.jar;C:\Users\House\.m2\repository\org\seleniumhq\selenium\selenium-support\3.11.0\selenium-support-3.11.0.jar;C:\Users\House\.m2\repository\net\bytebuddy\byte-buddy\1.7.9\byte-buddy-1.7.9.jar;C:\Users\House\.m2\repository\org\apache\commons\commons-exec\1.3\commons-exec-1.3.jar;C:\Users\House\.m2\repository\commons-codec\commons-codec\1.10\commons-codec-1.10.jar;C:\Users\House\.m2\repository\commons-logging\commons-logging\1.2\commons-logging-1.2.jar;C:\Users\House\.m2\repository\com\google\code\gson\gson\2.8.2\gson-2.8.2.jar;C:\Users\House\.m2\repository\com\google\guava\guava\23.6-jre\guava-23.6-jre.jar;C:\Users\House\.m2\repository\com\google\code\findbugs\jsr305\1.3.9\jsr305-1.3.9.jar;C:\Users\House\.m2\repository\org\checkerframework\checker-compat-qual\2.0.0\checker-compat-qual-2.0.0.jar;C:\Users\House\.m2\repository\com\google\errorprone\error_prone_annotations\2.1.3\error_prone_annotations-2.1.3.jar;C:\Users\House\.m2\repository\com\google\j2objc\j2objc-annotations\1.1\j2objc-annotations-1.1.jar;C:\Users\House\.m2\repository\org\codehaus\mojo\animal-sniffer-annotations\1.14\animal-sniffer-annotations-1.14.jar;C:\Users\House\.m2\repository\org\apache\httpcomponents\httpclient\4.5.3\httpclient-4.5.3.jar;C:\Users\House\.m2\repository\org\apache\httpcomponents\httpcore\4.4.6\httpcore-4.4.6.jar;C:\Users\House\.m2\repository\com\squareup\okhttp3\okhttp\3.9.1\okhttp-3.9.1.jar;C:\Users\House\.m2\repository\com\squareup\okio\okio\1.13.0\okio-1.13.0.jar;C:\Users\House\.m2\repository\junit\junit\4.12\junit-4.12.jar;C:\Users\House\.m2\repository\org\hamcrest\hamcrest-core\1.3\hamcrest-core-1.3.jar;C:\Users\House\.m2\repository\info\cukes\cucumber-java\1.2.5\cucumber-java-1.2.5.jar;C:\Users\House\.m2\repository\info\cukes\cucumber-junit\1.2.5\cucumber-junit-1.2.5.jar;C:\Users\House\.m2\repository\info\cukes\cucumber-core\1.2.5\cucumber-core-1.2.5.jar;C:\Users\House\.m2\repository\info\cukes\cucumber-html\0.2.3\cucumber-html-0.2.3.jar;C:\Users\House\.m2\repository\info\cukes\cucumber-jvm-deps\1.0.5\cucumber-jvm-deps-1.0.5.jar;C:\Users\House\.m2\repository\info\cukes\gherkin\2.12.2\gherkin-2.12.2.jar;C:\Users\House\.m2\repository\org\hamcrest\hamcrest-all\1.3\hamcrest-all-1.3.jar;C:\Users\House\.m2\repository\info\cukes\cucumber-picocontainer\1.2.5\cucumber-picocontainer-1.2.5.jar;C:\Users\House\.m2\repository\org\picocontainer\picocontainer\2.15\picocontainer-2.15.jar;C:\Users\House\.m2\repository\info\cukes\cucumber-testng\1.2.5\cucumber-testng-1.2.5.jar;C:\Users\House\.m2\repository\org\testng\testng\6.9.10\testng-6.9.10.jar;C:\Users\House\.m2\repository\com\beust\jcommander\1.48\jcommander-1.48.jar;C:\Users\House\.m2\repository\org\beanshell\bsh\2.0b4\bsh-2.0b4.jar;C:\Users\House\.m2\repository\com\vimalselvam\cucumber-extentsreport\3.0.2\cucumber-extentsreport-3.0.2.jar;C:\Users\House\.m2\repository\com\aventstack\extentreports\3.1.2\extentreports-3.1.2.jar;C:\Users\House\.m2\repository\org\mongodb\mongodb-driver\3.3.0\mongodb-driver-3.3.0.jar;C:\Users\House\.m2\repository\org\mongodb\bson\3.3.0\bson-3.3.0.jar;C:\Users\House\.m2\repository\org\mongodb\mongodb-driver-core\3.3.0\mongodb-driver-core-3.3.0.jar;C:\Users\House\.m2\repository\org\apache\httpcomponents\httpmime\4.5.2\httpmime-4.5.2.jar;C:\Users\House\.m2\repository\org\jsoup\jsoup\1.9.2\jsoup-1.9.2.jar;C:\Users\House\.m2\repository\org\freemarker\freemarker\2.3.26-incubating\freemarker-2.3.26-incubating.jar;C:\Users\House\.m2\repository\net\masterthought\cucumber-reporting\3.6.0\cucumber-reporting-3.6.0.jar;C:\Users\House\.m2\repository\com\fasterxml\jackson\core\jackson-databind\2.8.5\jackson-databind-2.8.5.jar;C:\Users\House\.m2\repository\com\fasterxml\jackson\core\jackson-annotations\2.8.0\jackson-annotations-2.8.0.jar;C:\Users\House\.m2\repository\com\fasterxml\jackson\core\jackson-core\2.8.5\jackson-core-2.8.5.jar;C:\Users\House\.m2\repository\org\apache\velocity\velocity\1.7\velocity-1.7.jar;C:\Users\House\.m2\repository\commons-collections\commons-collections\3.2.1\commons-collections-3.2.1.jar;C:\Users\House\.m2\repository\commons-lang\commons-lang\2.4\commons-lang-2.4.jar;C:\Users\House\.m2\repository\velocity-tools\velocity-tools\1.4\velocity-tools-1.4.jar;C:\Users\House\.m2\repository\joda-time\joda-time\2.9.6\joda-time-2.9.6.jar;C:\Users\House\.m2\repository\net\lingala\zip4j\zip4j\1.3.2\zip4j-1.3.2.jar;C:\Users\House\.m2\repository\org\codehaus\plexus\plexus-utils\3.0.24\plexus-utils-3.0.24.jar;C:\Users\House\.m2\repository\commons-io\commons-io\2.6\commons-io-2.6.jar;C:\Users\House\.m2\repository\org\apache\commons\commons-lang3\3.0\commons-lang3-3.0.jar;C:\Users\House\.m2\repository\org\apache\logging\log4j\log4j-api\2.14.0\log4j-api-2.14.0.jar;C:\Users\House\.m2\repository\org\apache\logging\log4j\log4j-core\2.14.0\log4j-core-2.14.0.jar;C:\Users\House\.m2\repository\org\apache\xmlbeans\xmlbeans\2.6.0\xmlbeans-2.6.0.jar;C:\Users\House\.m2\repository\stax\stax-api\1.0.1\stax-api-1.0.1.jar;C:\Users\House\.m2\repository\org\apache\poi\poi\3.11\poi-3.11.jar;C:\Users\House\.m2\repository\org\apache\poi\poi-examples\3.11\poi-examples-3.11.jar;C:\Users\House\.m2\repository\org\apache\poi\poi-excelant\3.11\poi-excelant-3.11.jar;C:\Users\House\.m2\repository\org\apache\ant\ant\1.8.2\ant-1.8.2.jar;C:\Users\House\.m2\repository\org\apache\ant\ant-launcher\1.8.2\ant-launcher-1.8.2.jar;C:\Users\House\.m2\repository\org\apache\poi\poi-ooxml\3.11\poi-ooxml-3.11.jar;C:\Users\House\.m2\repository\org\apache\poi\poi-ooxml-schemas\3.11\poi-ooxml-schemas-3.11.jar;C:\Users\House\.m2\repository\org\apache\poi\poi-scratchpad\3.11\poi-scratchpad-3.11.jar;"/>
    <property name="java.vm.vendor" value="Oracle Corporation"/>
    <property name="sun.arch.data.model" value="64"/>
    <property name="user.variant" value=""/>
    <property name="java.vendor.url" value="http://java.oracle.com/"/>
    <property name="user.timezone" value="Asia/Shanghai"/>
    <property name="java.vm.specification.version" value="1.8"/>
    <property name="os.name" value="Windows 10"/>
    <property name="user.country" value="GB"/>
    <property name="sun.java.launcher" value="SUN_STANDARD"/>
    <property name="sun.boot.library.path" value="C:\Program Files\Java\jdk1.8.0_281\jre\bin"/>
    <property name="sun.java.command" value="C:\Users\House\AppData\Local\Temp\surefire7050940020997037539\surefirebooter7443097541263328181.jar C:\Users\House\AppData\Local\Temp\surefire7050940020997037539 2021-03-01T08-33-30_021-jvmRun1 surefire4166573815460413008tmp surefire_01398340529252839111tmp"/>
    <property name="surefire.test.class.path" value="C:\Users\House\IdeaProjects\com.framework\target\test-classes;C:\Users\House\IdeaProjects\com.framework\target\classes;C:\Users\House\.m2\repository\org\seleniumhq\selenium\selenium-java\3.11.0\selenium-java-3.11.0.jar;C:\Users\House\.m2\repository\org\seleniumhq\selenium\selenium-api\3.11.0\selenium-api-3.11.0.jar;C:\Users\House\.m2\repository\org\seleniumhq\selenium\selenium-chrome-driver\3.11.0\selenium-chrome-driver-3.11.0.jar;C:\Users\House\.m2\repository\org\seleniumhq\selenium\selenium-edge-driver\3.11.0\selenium-edge-driver-3.11.0.jar;C:\Users\House\.m2\repository\org\seleniumhq\selenium\selenium-firefox-driver\3.11.0\selenium-firefox-driver-3.11.0.jar;C:\Users\House\.m2\repository\org\seleniumhq\selenium\selenium-ie-driver\3.11.0\selenium-ie-driver-3.11.0.jar;C:\Users\House\.m2\repository\org\seleniumhq\selenium\selenium-opera-driver\3.11.0\selenium-opera-driver-3.11.0.jar;C:\Users\House\.m2\repository\org\seleniumhq\selenium\selenium-remote-driver\3.11.0\selenium-remote-driver-3.11.0.jar;C:\Users\House\.m2\repository\org\seleniumhq\selenium\selenium-safari-driver\3.11.0\selenium-safari-driver-3.11.0.jar;C:\Users\House\.m2\repository\org\seleniumhq\selenium\selenium-support\3.11.0\selenium-support-3.11.0.jar;C:\Users\House\.m2\repository\net\bytebuddy\byte-buddy\1.7.9\byte-buddy-1.7.9.jar;C:\Users\House\.m2\repository\org\apache\commons\commons-exec\1.3\commons-exec-1.3.jar;C:\Users\House\.m2\repository\commons-codec\commons-codec\1.10\commons-codec-1.10.jar;C:\Users\House\.m2\repository\commons-logging\commons-logging\1.2\commons-logging-1.2.jar;C:\Users\House\.m2\repository\com\google\code\gson\gson\2.8.2\gson-2.8.2.jar;C:\Users\House\.m2\repository\com\google\guava\guava\23.6-jre\guava-23.6-jre.jar;C:\Users\House\.m2\repository\com\google\code\findbugs\jsr305\1.3.9\jsr305-1.3.9.jar;C:\Users\House\.m2\repository\org\checkerframework\checker-compat-qual\2.0.0\checker-compat-qual-2.0.0.jar;C:\Users\House\.m2\repository\com\google\errorprone\error_prone_annotations\2.1.3\error_prone_annotations-2.1.3.jar;C:\Users\House\.m2\repository\com\google\j2objc\j2objc-annotations\1.1\j2objc-annotations-1.1.jar;C:\Users\House\.m2\repository\org\codehaus\mojo\animal-sniffer-annotations\1.14\animal-sniffer-annotations-1.14.jar;C:\Users\House\.m2\repository\org\apache\httpcomponents\httpclient\4.5.3\httpclient-4.5.3.jar;C:\Users\House\.m2\repository\org\apache\httpcomponents\httpcore\4.4.6\httpcore-4.4.6.jar;C:\Users\House\.m2\repository\com\squareup\okhttp3\okhttp\3.9.1\okhttp-3.9.1.jar;C:\Users\House\.m2\repository\com\squareup\okio\okio\1.13.0\okio-1.13.0.jar;C:\Users\House\.m2\repository\junit\junit\4.12\junit-4.12.jar;C:\Users\House\.m2\repository\org\hamcrest\hamcrest-core\1.3\hamcrest-core-1.3.jar;C:\Users\House\.m2\repository\info\cukes\cucumber-java\1.2.5\cucumber-java-1.2.5.jar;C:\Users\House\.m2\repository\info\cukes\cucumber-junit\1.2.5\cucumber-junit-1.2.5.jar;C:\Users\House\.m2\repository\info\cukes\cucumber-core\1.2.5\cucumber-core-1.2.5.jar;C:\Users\House\.m2\repository\info\cukes\cucumber-html\0.2.3\cucumber-html-0.2.3.jar;C:\Users\House\.m2\repository\info\cukes\cucumber-jvm-deps\1.0.5\cucumber-jvm-deps-1.0.5.jar;C:\Users\House\.m2\repository\info\cukes\gherkin\2.12.2\gherkin-2.12.2.jar;C:\Users\House\.m2\repository\org\hamcrest\hamcrest-all\1.3\hamcrest-all-1.3.jar;C:\Users\House\.m2\repository\info\cukes\cucumber-picocontainer\1.2.5\cucumber-picocontainer-1.2.5.jar;C:\Users\House\.m2\repository\org\picocontainer\picocontainer\2.15\picocontainer-2.15.jar;C:\Users\House\.m2\repository\info\cukes\cucumber-testng\1.2.5\cucumber-testng-1.2.5.jar;C:\Users\House\.m2\repository\org\testng\testng\6.9.10\testng-6.9.10.jar;C:\Users\House\.m2\repository\com\beust\jcommander\1.48\jcommander-1.48.jar;C:\Users\House\.m2\repository\org\beanshell\bsh\2.0b4\bsh-2.0b4.jar;C:\Users\House\.m2\repository\com\vimalselvam\cucumber-extentsreport\3.0.2\cucumber-extentsreport-3.0.2.jar;C:\Users\House\.m2\repository\com\aventstack\extentreports\3.1.2\extentreports-3.1.2.jar;C:\Users\House\.m2\repository\org\mongodb\mongodb-driver\3.3.0\mongodb-driver-3.3.0.jar;C:\Users\House\.m2\repository\org\mongodb\bson\3.3.0\bson-3.3.0.jar;C:\Users\House\.m2\repository\org\mongodb\mongodb-driver-core\3.3.0\mongodb-driver-core-3.3.0.jar;C:\Users\House\.m2\repository\org\apache\httpcomponents\httpmime\4.5.2\httpmime-4.5.2.jar;C:\Users\House\.m2\repository\org\jsoup\jsoup\1.9.2\jsoup-1.9.2.jar;C:\Users\House\.m2\repository\org\freemarker\freemarker\2.3.26-incubating\freemarker-2.3.26-incubating.jar;C:\Users\House\.m2\repository\net\masterthought\cucumber-reporting\3.6.0\cucumber-reporting-3.6.0.jar;C:\Users\House\.m2\repository\com\fasterxml\jackson\core\jackson-databind\2.8.5\jackson-databind-2.8.5.jar;C:\Users\House\.m2\repository\com\fasterxml\jackson\core\jackson-annotations\2.8.0\jackson-annotations-2.8.0.jar;C:\Users\House\.m2\repository\com\fasterxml\jackson\core\jackson-core\2.8.5\jackson-core-2.8.5.jar;C:\Users\House\.m2\repository\org\apache\velocity\velocity\1.7\velocity-1.7.jar;C:\Users\House\.m2\repository\commons-collections\commons-collections\3.2.1\commons-collections-3.2.1.jar;C:\Users\House\.m2\repository\commons-lang\commons-lang\2.4\commons-lang-2.4.jar;C:\Users\House\.m2\repository\velocity-tools\velocity-tools\1.4\velocity-tools-1.4.jar;C:\Users\House\.m2\repository\joda-time\joda-time\2.9.6\joda-time-2.9.6.jar;C:\Users\House\.m2\repository\net\lingala\zip4j\zip4j\1.3.2\zip4j-1.3.2.jar;C:\Users\House\.m2\repository\org\codehaus\plexus\plexus-utils\3.0.24\plexus-utils-3.0.24.jar;C:\Users\House\.m2\repository\commons-io\commons-io\2.6\commons-io-2.6.jar;C:\Users\House\.m2\repository\org\apache\commons\commons-lang3\3.0\commons-lang3-3.0.jar;C:\Users\House\.m2\repository\org\apache\logging\log4j\log4j-api\2.14.0\log4j-api-2.14.0.jar;C:\Users\House\.m2\repository\org\apache\logging\log4j\log4j-core\2.14.0\log4j-core-2.14.0.jar;C:\Users\House\.m2\repository\org\apache\xmlbeans\xmlbeans\2.6.0\xmlbeans-2.6.0.jar;C:\Users\House\.m2\repository\stax\stax-api\1.0.1\stax-api-1.0.1.jar;C:\Users\House\.m2\repository\org\apache\poi\poi\3.11\poi-3.11.jar;C:\Users\House\.m2\repository\org\apache\poi\poi-examples\3.11\poi-examples-3.11.jar;C:\Users\House\.m2\repository\org\apache\poi\poi-excelant\3.11\poi-excelant-3.11.jar;C:\Users\House\.m2\repository\org\apache\ant\ant\1.8.2\ant-1.8.2.jar;C:\Users\House\.m2\repository\org\apache\ant\ant-launcher\1.8.2\ant-launcher-1.8.2.jar;C:\Users\House\.m2\repository\org\apache\poi\poi-ooxml\3.11\poi-ooxml-3.11.jar;C:\Users\House\.m2\repository\org\apache\poi\poi-ooxml-schemas\3.11\poi-ooxml-schemas-3.11.jar;C:\Users\House\.m2\repository\org\apache\poi\poi-scratchpad\3.11\poi-scratchpad-3.11.jar;"/>
    <property name="sun.cpu.endian" value="little"/>
    <property name="user.home" value="C:\Users\House"/>
    <property name="user.language" value="en"/>
    <property name="java.specification.vendor" value="Oracle Corporation"/>
    <property name="java.home" value="C:\Program Files\Java\jdk1.8.0_281\jre"/>
    <property name="basedir" value="C:\Users\House\IdeaProjects\com.framework"/>
    <property name="file.separator" value="\"/>
    <property name="line.separator" value="&#10;"/>
    <property name="idea.version2019.2.3" value="true"/>
    <property name="java.vm.specification.vendor" value="Oracle Corporation"/>
    <property name="java.specification.name" value="Java Platform API Specification"/>
    <property name="java.awt.graphicsenv" value="sun.awt.Win32GraphicsEnvironment"/>
    <property name="surefire.real.class.path" value="C:\Users\House\AppData\Local\Temp\surefire7050940020997037539\surefirebooter7443097541263328181.jar"/>
    <property name="sun.boot.class.path" value="C:\Program Files\Java\jdk1.8.0_281\jre\lib\resources.jar;C:\Program Files\Java\jdk1.8.0_281\jre\lib\rt.jar;C:\Program Files\Java\jdk1.8.0_281\jre\lib\sunrsasign.jar;C:\Program Files\Java\jdk1.8.0_281\jre\lib\jsse.jar;C:\Program Files\Java\jdk1.8.0_281\jre\lib\jce.jar;C:\Program Files\Java\jdk1.8.0_281\jre\lib\charsets.jar;C:\Program Files\Java\jdk1.8.0_281\jre\lib\jfr.jar;C:\Program Files\Java\jdk1.8.0_281\jre\classes"/>
    <property name="user.script" value=""/>
    <property name="sun.management.compiler" value="HotSpot 64-Bit Tiered Compilers"/>
    <property name="java.runtime.version" value="1.8.0_281-b09"/>
    <property name="user.name" value="House"/>
    <property name="path.separator" value=";"/>
    <property name="os.version" value="10.0"/>
    <property name="java.endorsed.dirs" value="C:\Program Files\Java\jdk1.8.0_281\jre\lib\endorsed"/>
    <property name="java.runtime.name" value="Java(TM) SE Runtime Environment"/>
    <property name="file.encoding" value="Cp1252"/>
    <property name="java.vm.name" value="Java HotSpot(TM) 64-Bit Server VM"/>
    <property name="localRepository" value="C:\Users\House\.m2\repository"/>
    <property name="java.vendor.url.bug" value="http://bugreport.sun.com/bugreport/"/>
    <property name="java.io.tmpdir" value="C:\Users\House\AppData\Local\Temp\"/>
    <property name="java.version" value="1.8.0_281"/>
    <property name="user.dir" value="C:\Users\House\IdeaProjects\com.framework"/>
    <property name="os.arch" value="amd64"/>
    <property name="java.vm.specification.name" value="Java Virtual Machine Specification"/>
    <property name="java.awt.printerjob" value="sun.awt.windows.WPrinterJob"/>
    <property name="sun.os.patch.level" value=""/>
    <property name="java.library.path" value="C:\Program Files\Java\jdk1.8.0_281\jre\bin;C:\WINDOWS\Sun\Java\bin;C:\WINDOWS\system32;C:\WINDOWS;C:\Program Files\Common Files\Oracle\Java\javapath;C:\Program Files (x86)\Common Files\Oracle\Java\javapath;C:\Program Files (x86)\Intel\TXE Components\TCS\;C:\Program Files\Intel\TXE Components\TCS\;C:\WINDOWS\system32;C:\WINDOWS;C:\WINDOWS\System32\Wbem;C:\WINDOWS\System32\WindowsPowerShell\v1.0\;C:\Program Files\Intel\TXE Components\DAL\;C:\Program Files (x86)\Intel\TXE Components\DAL\;C:\Program Files\Intel\TXE Components\IPT\;C:\Program Files (x86)\Intel\TXE Components\IPT\;C:\WINDOWS\System32\OpenSSH\;C:\Program Files\Java\jdk1.8.0_281\bin;C:\apache-maven-3.6.3\bin;C:\Program Files\Git\cmd;C:\Users\House\AppData\Local\Microsoft\WindowsApps;;."/>
    <property name="java.vm.info" value="mixed mode"/>
    <property name="java.vendor" value="Oracle Corporation"/>
    <property name="java.vm.version" value="25.281-b09"/>
    <property name="java.ext.dirs" value="C:\Program Files\Java\jdk1.8.0_281\jre\lib\ext;C:\WINDOWS\Sun\Java\lib\ext"/>
    <property name="sun.io.unicode.encoding" value="UnicodeLittle"/>
    <property name="java.class.version" value="52.0"/>
  </properties>
  <testcase name="feature[Login Page](1)" classname="runners.MainRunner" time="40.286">
    <system-out><![CDATA[...
... TestNG 6.9.10 by CÃ©dric Beust (cedric@beust.com)
...

Feature: Login Page

  Scenario Outline: User should be able to login with valid credentials # AccountLogin.feature:3
    Given User is on landing page as "<url>"
    When User clicks the LoginRegister button
    And User enters Login Name as "<LoginName>"
    And User enters Password as "<Password>"
    When User clicks on Login button
    Then User is on Dashboard Page
    And User clicks logoff button

    Examples: 
Successfully clicked on the WebElement: <[[ChromeDriver: chrome on WINDOWS (b14ffc3848e71755dd59b8af9e436a0a)] -> xpath: //a[contains(text(),'Login or register')]]]]><![CDATA[>
WebElement is visible using locator: <[[ChromeDriver: chrome on WINDOWS (b14ffc3848e71755dd59b8af9e436a0a)] -> id: loginFrm_loginname]>
Successfully Sent the following keys: 'datastudioplace' to element: <[[ChromeDriver: chrome on WINDOWS (b14ffc3848e71755dd59b8af9e436a0a)] -> id: loginFrm_loginname]>
WebElement is visible using locator: <[[ChromeDriver: chrome on WINDOWS (b14ffc3848e71755dd59b8af9e436a0a)] -> css selector: #loginFrm_password]>
Successfully Sent the following keys: 'Manchester1' to element: <[[ChromeDriver: chrome on WINDOWS (b14ffc3848e71755dd59b8af9e436a0a)] -> css selector: #loginFrm_password]>
Successfully clicked on the WebElement: <Proxy element for: DefaultElementLocator 'By.xpath: /html[1]/body[1]/div[1]/div[2]/div[1]/div[1]/div[1]/div[1]/div[2]/div[1]/form[1]/fieldset[1]/button[1]'>
Successfully clicked on the WebElement: <Proxy element for: DefaultElementLocator 'By.xpath: //body/div[1]/div[2]/div[1]/div[2]/div[1]/div[1]/ul[1]/li[10]/a[1]'>

  Scenario Outline: User should be able to login with valid credentials # AccountLogin.feature:14
    Given User is on landing page as "https://automationteststore.com"  # LoginSteps.user_is_on_landing_page_as(String)
    When User clicks the LoginRegister button                           # LoginSteps.user_clicks_the_LoginRegister_button()
    And User enters Login Name as "datastudioplace"                     # LoginSteps.user_enters_Login_Name_as(String)
    And User enters Password as "Manchester1"                           # LoginSteps.user_enters_Password_as(String)
    When User clicks on Login button                                    # LoginSteps.user_clicks_on_Login_button()
    Then User is on Dashboard Page                                      # LoginSteps.user_is_on_Dashboard_Page()
    And User clicks logoff button                                       # LoginSteps.user_clicks_logoff_button()

  Scenario Outline: User should NOT be able to login with invalid credentials # AccountLogin.feature:17
    Given User is on landing page as "<url>"
    When User clicks the LoginRegister button
    And User enters Login Name as "<LoginName>"
    And User enters Password as "<Password>"
    When User clicks on Login button
    Then User gets a confirmation message
    And User is still in login page as "<Text_Dispalyed>"

    Examples: 
Successfully clicked on the WebElement: <[[ChromeDriver: chrome on WINDOWS (163822aa10528df5dd0fd9cedde73ecd)] -> xpath: //a[contains(text(),'Login or register')]]]]><![CDATA[>
WebElement is visible using locator: <[[ChromeDriver: chrome on WINDOWS (163822aa10528df5dd0fd9cedde73ecd)] -> id: loginFrm_loginname]>
Successfully Sent the following keys: 'datastudioplaceWrong' to element: <[[ChromeDriver: chrome on WINDOWS (163822aa10528df5dd0fd9cedde73ecd)] -> id: loginFrm_loginname]>
WebElement is visible using locator: <[[ChromeDriver: chrome on WINDOWS (163822aa10528df5dd0fd9cedde73ecd)] -> css selector: #loginFrm_password]>
Successfully Sent the following keys: 'Manchester1' to element: <[[ChromeDriver: chrome on WINDOWS (163822aa10528df5dd0fd9cedde73ecd)] -> css selector: #loginFrm_password]>
Successfully clicked on the WebElement: <Proxy element for: DefaultElementLocator 'By.xpath: /html[1]/body[1]/div[1]/div[2]/div[1]/div[1]/div[1]/div[1]/div[2]/div[1]/form[1]/fieldset[1]/button[1]'>
This is a FAILURE Confirmation message: RETURNING CUSTOMER
Actual Text From Web Application UI   --> : ACCOUNT LOGIN
Expected Text From Web Application UI --> : RETURNING CUSTOMER
### Verification DOES NOT Contains !!!
This is a FAILURE Confirmation: ACCOUNT LOGIN
Found(Got) the following URL: https://automationteststore.com/index.php?rt=account/login
This is a FAILURE Confirmation: https://automationteststore.com/index.php?rt=account/login

  Scenario Outline: User should NOT be able to login with invalid credentials # AccountLogin.feature:28
    Given User is on landing page as "https://automationteststore.com"        # LoginSteps.user_is_on_landing_page_as(String)
    When User clicks the LoginRegister button                                 # LoginSteps.user_clicks_the_LoginRegister_button()
    And User enters Login Name as "datastudioplaceWrong"                      # LoginSteps.user_enters_Login_Name_as(String)
    And User enters Password as "Manchester1"                                 # LoginSteps.user_enters_Password_as(String)
    When User clicks on Login button                                          # LoginSteps.user_clicks_on_Login_button()
    Then User gets a confirmation message                                     # LoginSteps.user_gets_a_confirmation_message()
    And User is still in login page as "RETURNING CUSTOMER"                   # LoginSteps.user_is_still_in_login_page_as(String)
]]></system-out>
    <system-err><![CDATA[Starting ChromeDriver 88.0.4324.96 (68dba2d8a0b149a1d3afac56fa74648032bcf46b-refs/branch-heads/4324@{#1784}) on port 48366
Only local connections are allowed.
Please see https://chromedriver.chromium.org/security-considerations for suggestions on keeping ChromeDriver safe.
ChromeDriver was started successfully.
Mar 01, 2021 8:33:47 AM org.openqa.selenium.remote.ProtocolHandshake createSession
INFO: Detected dialect: W3C
Starting ChromeDriver 88.0.4324.96 (68dba2d8a0b149a1d3afac56fa74648032bcf46b-refs/branch-heads/4324@{#1784}) on port 14372
Only local connections are allowed.
Please see https://chromedriver.chromium.org/security-considerations for suggestions on keeping ChromeDriver safe.
ChromeDriver was started successfully.
Mar 01, 2021 8:34:08 AM org.openqa.selenium.remote.ProtocolHandshake createSession
INFO: Detected dialect: W3C
]]></system-err>
  </testcase>
  <testcase name="feature[Login Page: User Unsuccessful attempts](2)" classname="runners.MainRunner" time="14.035">
    <system-out><![CDATA[@LoginUnsuccessful
Feature: Login Page: User Unsuccessful attempts

  Scenario Outline: User should NOT be able to login with invalid credentials # Login_Negative.feature:4
    Given User is on landing page as "<url>"
    When User clicks the LoginRegister button
    And User enters Login Name as "<LoginName>"
    And User enters Password as "<Password>"
    When User clicks on Login button
    Then User gets a confirmation message
    And User is still in login page as "<Text_Dispalyed>"

    Examples: 
Successfully clicked on the WebElement: <[[ChromeDriver: chrome on WINDOWS (af2d7c4cb8881abb0149b53069fcaa59)] -> xpath: //a[contains(text(),'Login or register')]]]]><![CDATA[>
WebElement is visible using locator: <[[ChromeDriver: chrome on WINDOWS (af2d7c4cb8881abb0149b53069fcaa59)] -> id: loginFrm_loginname]>
Successfully Sent the following keys: 'datastudioplaceWrong' to element: <[[ChromeDriver: chrome on WINDOWS (af2d7c4cb8881abb0149b53069fcaa59)] -> id: loginFrm_loginname]>
WebElement is visible using locator: <[[ChromeDriver: chrome on WINDOWS (af2d7c4cb8881abb0149b53069fcaa59)] -> css selector: #loginFrm_password]>
Successfully Sent the following keys: 'Manchester1' to element: <[[ChromeDriver: chrome on WINDOWS (af2d7c4cb8881abb0149b53069fcaa59)] -> css selector: #loginFrm_password]>
Successfully clicked on the WebElement: <Proxy element for: DefaultElementLocator 'By.xpath: /html[1]/body[1]/div[1]/div[2]/div[1]/div[1]/div[1]/div[1]/div[2]/div[1]/form[1]/fieldset[1]/button[1]'>
This is a FAILURE Confirmation message: RETURNING CUSTOMER
Actual Text From Web Application UI   --> : ACCOUNT LOGIN
Expected Text From Web Application UI --> : RETURNING CUSTOMER
### Verification DOES NOT Contains !!!
This is a FAILURE Confirmation: ACCOUNT LOGIN
Found(Got) the following URL: https://automationteststore.com/index.php?rt=account/login
This is a FAILURE Confirmation: https://automationteststore.com/index.php?rt=account/login

  @LoginUnsuccessful
  Scenario Outline: User should NOT be able to login with invalid credentials # Login_Negative.feature:15
    Given User is on landing page as "https://automationteststore.com"        # LoginSteps.user_is_on_landing_page_as(String)
    When User clicks the LoginRegister button                                 # LoginSteps.user_clicks_the_LoginRegister_button()
    And User enters Login Name as "datastudioplaceWrong"                      # LoginSteps.user_enters_Login_Name_as(String)
    And User enters Password as "Manchester1"                                 # LoginSteps.user_enters_Password_as(String)
    When User clicks on Login button                                          # LoginSteps.user_clicks_on_Login_button()
    Then User gets a confirmation message                                     # LoginSteps.user_gets_a_confirmation_message()
    And User is still in login page as "RETURNING CUSTOMER"                   # LoginSteps.user_is_still_in_login_page_as(String)
]]></system-out>
    <system-err><![CDATA[Starting ChromeDriver 88.0.4324.96 (68dba2d8a0b149a1d3afac56fa74648032bcf46b-refs/branch-heads/4324@{#1784}) on port 42469
Only local connections are allowed.
Please see https://chromedriver.chromium.org/security-considerations for suggestions on keeping ChromeDriver safe.
ChromeDriver was started successfully.
Mar 01, 2021 8:34:21 AM org.openqa.selenium.remote.ProtocolHandshake createSession
INFO: Detected dialect: W3C
]]></system-err>
  </testcase>
  <testcase name="feature[Login Page](3)" classname="runners.MainRunner" time="14.789">
    <system-out><![CDATA[Feature: Login Page

  @Validcredentials
  Scenario Outline: User should be able to login with valid credentials # Login_Positive.feature:4
    Given User is on landing page as "<url>"
    When User clicks the LoginRegister button
    And User enters Login Name as "<LoginName>"
    And User enters Password as "<Password>"
    When User clicks on Login button
    Then User is on Dashboard Page
    And User clicks logoff button

    Examples: 
Successfully clicked on the WebElement: <[[ChromeDriver: chrome on WINDOWS (6264098502f1a42dde6a7a34c669f262)] -> xpath: //a[contains(text(),'Login or register')]]]]><![CDATA[>
WebElement is visible using locator: <[[ChromeDriver: chrome on WINDOWS (6264098502f1a42dde6a7a34c669f262)] -> id: loginFrm_loginname]>
Successfully Sent the following keys: 'datastudioplace' to element: <[[ChromeDriver: chrome on WINDOWS (6264098502f1a42dde6a7a34c669f262)] -> id: loginFrm_loginname]>
WebElement is visible using locator: <[[ChromeDriver: chrome on WINDOWS (6264098502f1a42dde6a7a34c669f262)] -> css selector: #loginFrm_password]>
Successfully Sent the following keys: 'Manchester1' to element: <[[ChromeDriver: chrome on WINDOWS (6264098502f1a42dde6a7a34c669f262)] -> css selector: #loginFrm_password]>
Successfully clicked on the WebElement: <Proxy element for: DefaultElementLocator 'By.xpath: /html[1]/body[1]/div[1]/div[2]/div[1]/div[1]/div[1]/div[1]/div[2]/div[1]/form[1]/fieldset[1]/button[1]'>
Successfully clicked on the WebElement: <Proxy element for: DefaultElementLocator 'By.xpath: //body/div[1]/div[2]/div[1]/div[2]/div[1]/div[1]/ul[1]/li[10]/a[1]'>

  @Validcredentials
  Scenario Outline: User should be able to login with valid credentials # Login_Positive.feature:15
    Given User is on landing page as "https://automationteststore.com"  # LoginSteps.user_is_on_landing_page_as(String)
    When User clicks the LoginRegister button                           # LoginSteps.user_clicks_the_LoginRegister_button()
    And User enters Login Name as "datastudioplace"                     # LoginSteps.user_enters_Login_Name_as(String)
    And User enters Password as "Manchester1"                           # LoginSteps.user_enters_Password_as(String)
    When User clicks on Login button                                    # LoginSteps.user_clicks_on_Login_button()
    Then User is on Dashboard Page                                      # LoginSteps.user_is_on_Dashboard_Page()
    And User clicks logoff button                                       # LoginSteps.user_clicks_logoff_button()
]]></system-out>
    <system-err><![CDATA[Starting ChromeDriver 88.0.4324.96 (68dba2d8a0b149a1d3afac56fa74648032bcf46b-refs/branch-heads/4324@{#1784}) on port 1873
Only local connections are allowed.
Please see https://chromedriver.chromium.org/security-considerations for suggestions on keeping ChromeDriver safe.
ChromeDriver was started successfully.
Mar 01, 2021 8:34:36 AM org.openqa.selenium.remote.ProtocolHandshake createSession
INFO: Detected dialect: W3C
]]></system-err>
  </testcase>
</testsuite>