<?xml version="1.0" encoding="UTF-8"?>
<testsuite xmlns:xsi="http://www.w3.org/2001/XMLSchema-instance" xsi:noNamespaceSchemaLocation="https://maven.apache.org/surefire/maven-surefire-plugin/xsd/surefire-test-report-3.0.xsd" version="3.0" name="TestSuite" time="75.141" tests="3" errors="0" skipped="0" failures="0">
  <properties>
[...]
</properties>
  <testcase name="feature[Login Page](1)" classname="runners.MainRunner" time="40.286">
    <system-out><![CDATA[...
... TestNG 6.9.10 by Cédric Beust (cedric@beust.com)
...

Feature: Login Page

  Scenario Outline: User should be able to login with valid credentials # AccountLogin.feature:3
    Given User is on landing page as "<url>"
    When User clicks the LoginRegister button
    And User enters Login Name as "<LoginName>"
    And User enters Password as "<Password>"
    When User clicks on Login button
    Then User is on Dashboard Page
    And User clicks logoff button

    Examples: 
Successfully clicked on the WebElement: <[[ChromeDriver: chrome on WINDOWS (b14ffc3848e71755dd59b8af9e436a0a)] -> xpath: //a[contains(text(),'Login or register')]]]]><![CDATA[>
WebElement is visible using locator: <[[ChromeDriver: chrome on WINDOWS (b14ffc3848e71755dd59b8af9e436a0a)] -> id: loginFrm_loginname]>
Successfully Sent the following keys: 'datastudioplace' to element: <[[ChromeDriver: chrome on WINDOWS (b14ffc3848e71755dd59b8af9e436a0a)] -> id: loginFrm_loginname]>
WebElement is visible using locator: <[[ChromeDriver: chrome on WINDOWS (b14ffc3848e71755dd59b8af9e436a0a)] -> css selector: #loginFrm_password]>
Successfully Sent the following keys: 'Manchester1' to element: <[[ChromeDriver: chrome on WINDOWS (b14ffc3848e71755dd59b8af9e436a0a)] -> css selector: #loginFrm_password]>
Successfully clicked on the WebElement: <Proxy element for: DefaultElementLocator 'By.xpath: /html[1]/body[1]/div[1]/div[2]/div[1]/div[1]/div[1]/div[1]/div[2]/div[1]/form[1]/fieldset[1]/button[1]'>
Successfully clicked on the WebElement: <Proxy element for: DefaultElementLocator 'By.xpath: //body/div[1]/div[2]/div[1]/div[2]/div[1]/div[1]/ul[1]/li[10]/a[1]'>

  Scenario Outline: User should be able to login with valid credentials # AccountLogin.feature:14
    Given User is on landing page as "https://automationteststore.com"  # LoginSteps.user_is_on_landing_page_as(String)
    When User clicks the LoginRegister button                           # LoginSteps.user_clicks_the_LoginRegister_button()
    And User enters Login Name as "datastudioplace"                     # LoginSteps.user_enters_Login_Name_as(String)
    And User enters Password as "Manchester1"                           # LoginSteps.user_enters_Password_as(String)
    When User clicks on Login button                                    # LoginSteps.user_clicks_on_Login_button()
    Then User is on Dashboard Page                                      # LoginSteps.user_is_on_Dashboard_Page()
    And User clicks logoff button                                       # LoginSteps.user_clicks_logoff_button()

  Scenario Outline: User should NOT be able to login with invalid credentials # AccountLogin.feature:17
    Given User is on landing page as "<url>"
    When User clicks the LoginRegister button
    And User enters Login Name as "<LoginName>"
    And User enters Password as "<Password>"
    When User clicks on Login button
    Then User gets a confirmation message
    And User is still in login page as "<Text_Dispalyed>"

    Examples: 
Successfully clicked on the WebElement: <[[ChromeDriver: chrome on WINDOWS (163822aa10528df5dd0fd9cedde73ecd)] -> xpath: //a[contains(text(),'Login or register')]]]]><![CDATA[>
WebElement is visible using locator: <[[ChromeDriver: chrome on WINDOWS (163822aa10528df5dd0fd9cedde73ecd)] -> id: loginFrm_loginname]>
Successfully Sent the following keys: 'datastudioplaceWrong' to element: <[[ChromeDriver: chrome on WINDOWS (163822aa10528df5dd0fd9cedde73ecd)] -> id: loginFrm_loginname]>
WebElement is visible using locator: <[[ChromeDriver: chrome on WINDOWS (163822aa10528df5dd0fd9cedde73ecd)] -> css selector: #loginFrm_password]>
Successfully Sent the following keys: 'Manchester1' to element: <[[ChromeDriver: chrome on WINDOWS (163822aa10528df5dd0fd9cedde73ecd)] -> css selector: #loginFrm_password]>
Successfully clicked on the WebElement: <Proxy element for: DefaultElementLocator 'By.xpath: /html[1]/body[1]/div[1]/div[2]/div[1]/div[1]/div[1]/div[1]/div[2]/div[1]/form[1]/fieldset[1]/button[1]'>
This is a FAILURE Confirmation message: RETURNING CUSTOMER
Actual Text From Web Application UI   --> : ACCOUNT LOGIN
Expected Text From Web Application UI --> : RETURNING CUSTOMER
### Verification DOES NOT Contains !!!
This is a FAILURE Confirmation: ACCOUNT LOGIN
Found(Got) the following URL: https://automationteststore.com/index.php?rt=account/login
This is a FAILURE Confirmation: https://automationteststore.com/index.php?rt=account/login

  Scenario Outline: User should NOT be able to login with invalid credentials # AccountLogin.feature:28
    Given User is on landing page as "https://automationteststore.com"        # LoginSteps.user_is_on_landing_page_as(String)
    When User clicks the LoginRegister button                                 # LoginSteps.user_clicks_the_LoginRegister_button()
    And User enters Login Name as "datastudioplaceWrong"                      # LoginSteps.user_enters_Login_Name_as(String)
    And User enters Password as "Manchester1"                                 # LoginSteps.user_enters_Password_as(String)
    When User clicks on Login button                                          # LoginSteps.user_clicks_on_Login_button()
    Then User gets a confirmation message                                     # LoginSteps.user_gets_a_confirmation_message()
    And User is still in login page as "RETURNING CUSTOMER"                   # LoginSteps.user_is_still_in_login_page_as(String)
]]></system-out>
    <system-err><![CDATA[Starting ChromeDriver 88.0.4324.96 (68dba2d8a0b149a1d3afac56fa74648032bcf46b-refs/branch-heads/4324@{#1784}) on port 48366
Only local connections are allowed.
Please see https://chromedriver.chromium.org/security-considerations for suggestions on keeping ChromeDriver safe.
ChromeDriver was started successfully.
Mar 01, 2021 8:33:47 AM org.openqa.selenium.remote.ProtocolHandshake createSession
INFO: Detected dialect: W3C
Starting ChromeDriver 88.0.4324.96 (68dba2d8a0b149a1d3afac56fa74648032bcf46b-refs/branch-heads/4324@{#1784}) on port 14372
Only local connections are allowed.
Please see https://chromedriver.chromium.org/security-considerations for suggestions on keeping ChromeDriver safe.
ChromeDriver was started successfully.
Mar 01, 2021 8:34:08 AM org.openqa.selenium.remote.ProtocolHandshake createSession
INFO: Detected dialect: W3C
]]></system-err>
  </testcase>
  <testcase name="feature[Login Page: User Unsuccessful attempts](2)" classname="runners.MainRunner" time="14.035">
    <system-out><![CDATA[@LoginUnsuccessful
Feature: Login Page: User Unsuccessful attempts

  Scenario Outline: User should NOT be able to login with invalid credentials # Login_Negative.feature:4
    Given User is on landing page as "<url>"
    When User clicks the LoginRegister button
    And User enters Login Name as "<LoginName>"
    And User enters Password as "<Password>"
    When User clicks on Login button
    Then User gets a confirmation message
    And User is still in login page as "<Text_Dispalyed>"

    Examples: 
Successfully clicked on the WebElement: <[[ChromeDriver: chrome on WINDOWS (af2d7c4cb8881abb0149b53069fcaa59)] -> xpath: //a[contains(text(),'Login or register')]]]]><![CDATA[>
WebElement is visible using locator: <[[ChromeDriver: chrome on WINDOWS (af2d7c4cb8881abb0149b53069fcaa59)] -> id: loginFrm_loginname]>
Successfully Sent the following keys: 'datastudioplaceWrong' to element: <[[ChromeDriver: chrome on WINDOWS (af2d7c4cb8881abb0149b53069fcaa59)] -> id: loginFrm_loginname]>
WebElement is visible using locator: <[[ChromeDriver: chrome on WINDOWS (af2d7c4cb8881abb0149b53069fcaa59)] -> css selector: #loginFrm_password]>
Successfully Sent the following keys: 'Manchester1' to element: <[[ChromeDriver: chrome on WINDOWS (af2d7c4cb8881abb0149b53069fcaa59)] -> css selector: #loginFrm_password]>
Successfully clicked on the WebElement: <Proxy element for: DefaultElementLocator 'By.xpath: /html[1]/body[1]/div[1]/div[2]/div[1]/div[1]/div[1]/div[1]/div[2]/div[1]/form[1]/fieldset[1]/button[1]'>
This is a FAILURE Confirmation message: RETURNING CUSTOMER
Actual Text From Web Application UI   --> : ACCOUNT LOGIN
Expected Text From Web Application UI --> : RETURNING CUSTOMER
### Verification DOES NOT Contains !!!
This is a FAILURE Confirmation: ACCOUNT LOGIN
Found(Got) the following URL: https://automationteststore.com/index.php?rt=account/login
This is a FAILURE Confirmation: https://automationteststore.com/index.php?rt=account/login

  @LoginUnsuccessful
  Scenario Outline: User should NOT be able to login with invalid credentials # Login_Negative.feature:15
    Given User is on landing page as "https://automationteststore.com"        # LoginSteps.user_is_on_landing_page_as(String)
    When User clicks the LoginRegister button                                 # LoginSteps.user_clicks_the_LoginRegister_button()
    And User enters Login Name as "datastudioplaceWrong"                      # LoginSteps.user_enters_Login_Name_as(String)
    And User enters Password as "Manchester1"                                 # LoginSteps.user_enters_Password_as(String)
    When User clicks on Login button                                          # LoginSteps.user_clicks_on_Login_button()
    Then User gets a confirmation message                                     # LoginSteps.user_gets_a_confirmation_message()
    And User is still in login page as "RETURNING CUSTOMER"                   # LoginSteps.user_is_still_in_login_page_as(String)
]]></system-out>
    <system-err><![CDATA[Starting ChromeDriver 88.0.4324.96 (68dba2d8a0b149a1d3afac56fa74648032bcf46b-refs/branch-heads/4324@{#1784}) on port 42469
Only local connections are allowed.
Please see https://chromedriver.chromium.org/security-considerations for suggestions on keeping ChromeDriver safe.
ChromeDriver was started successfully.
Mar 01, 2021 8:34:21 AM org.openqa.selenium.remote.ProtocolHandshake createSession
INFO: Detected dialect: W3C
]]></system-err>
  </testcase>
  <testcase name="feature[Login Page](3)" classname="runners.MainRunner" time="14.789">
    <system-out><![CDATA[Feature: Login Page

  @Validcredentials
  Scenario Outline: User should be able to login with valid credentials # Login_Positive.feature:4
    Given User is on landing page as "<url>"
    When User clicks the LoginRegister button
    And User enters Login Name as "<LoginName>"
    And User enters Password as "<Password>"
    When User clicks on Login button
    Then User is on Dashboard Page
    And User clicks logoff button

    Examples: 
Successfully clicked on the WebElement: <[[ChromeDriver: chrome on WINDOWS (6264098502f1a42dde6a7a34c669f262)] -> xpath: //a[contains(text(),'Login or register')]]]]><![CDATA[>
WebElement is visible using locator: <[[ChromeDriver: chrome on WINDOWS (6264098502f1a42dde6a7a34c669f262)] -> id: loginFrm_loginname]>
Successfully Sent the following keys: 'datastudioplace' to element: <[[ChromeDriver: chrome on WINDOWS (6264098502f1a42dde6a7a34c669f262)] -> id: loginFrm_loginname]>
WebElement is visible using locator: <[[ChromeDriver: chrome on WINDOWS (6264098502f1a42dde6a7a34c669f262)] -> css selector: #loginFrm_password]>
Successfully Sent the following keys: 'Manchester1' to element: <[[ChromeDriver: chrome on WINDOWS (6264098502f1a42dde6a7a34c669f262)] -> css selector: #loginFrm_password]>
Successfully clicked on the WebElement: <Proxy element for: DefaultElementLocator 'By.xpath: /html[1]/body[1]/div[1]/div[2]/div[1]/div[1]/div[1]/div[1]/div[2]/div[1]/form[1]/fieldset[1]/button[1]'>
Successfully clicked on the WebElement: <Proxy element for: DefaultElementLocator 'By.xpath: //body/div[1]/div[2]/div[1]/div[2]/div[1]/div[1]/ul[1]/li[10]/a[1]'>

  @Validcredentials
  Scenario Outline: User should be able to login with valid credentials # Login_Positive.feature:15
    Given User is on landing page as "https://automationteststore.com"  # LoginSteps.user_is_on_landing_page_as(String)
    When User clicks the LoginRegister button                           # LoginSteps.user_clicks_the_LoginRegister_button()
    And User enters Login Name as "datastudioplace"                     # LoginSteps.user_enters_Login_Name_as(String)
    And User enters Password as "Manchester1"                           # LoginSteps.user_enters_Password_as(String)
    When User clicks on Login button                                    # LoginSteps.user_clicks_on_Login_button()
    Then User is on Dashboard Page                                      # LoginSteps.user_is_on_Dashboard_Page()
    And User clicks logoff button                                       # LoginSteps.user_clicks_logoff_button()
]]></system-out>
    <system-err><![CDATA[Starting ChromeDriver 88.0.4324.96 (68dba2d8a0b149a1d3afac56fa74648032bcf46b-refs/branch-heads/4324@{#1784}) on port 1873
Only local connections are allowed.
Please see https://chromedriver.chromium.org/security-considerations for suggestions on keeping ChromeDriver safe.
ChromeDriver was started successfully.
Mar 01, 2021 8:34:36 AM org.openqa.selenium.remote.ProtocolHandshake createSession
INFO: Detected dialect: W3C
]]></system-err>
  </testcase>
</testsuite>